

<<<<<<< HEAD
> @unio/ui@1.0.0 build /Users/christymugomba/Desktop/Buisness/unio-new-main/packages/ui
=======
> @unio/ui@1.0.0 build /Users/christymugomba/Desktop/Buisness/unio/packages/ui
>>>>>>> 9606bfe728f0728e4a01299924ecccb4bcad0167
> tsup

[34mCLI[39m Building entry: src/index.ts
[34mCLI[39m Using tsconfig: tsconfig.json
[34mCLI[39m tsup v8.5.1
<<<<<<< HEAD
[34mCLI[39m Using tsup config: /Users/christymugomba/Desktop/Buisness/unio-new-main/packages/ui/tsup.config.ts
[34mCLI[39m Target: esnext
[34mCLI[39m Cleaning output folder
[34mESM[39m Build start
[32mESM[39m [1mdist/index.js     [22m[32m4.44 KB[39m
[32mESM[39m [1mdist/index.js.map [22m[32m10.81 KB[39m
[32mESM[39m ⚡️ Build success in 30ms
DTS Build start
DTS ⚡️ Build success in 489ms
DTS dist/index.d.ts 1.94 KB
=======
[34mCLI[39m Using tsup config: /Users/christymugomba/Desktop/Buisness/unio/packages/ui/tsup.config.ts
[34mCLI[39m Target: esnext
[34mCLI[39m Cleaning output folder
[34mESM[39m Build start
[32mESM[39m [1mdist/index.js     [22m[32m5.60 KB[39m
[32mESM[39m [1mdist/index.js.map [22m[32m14.24 KB[39m
[32mESM[39m ⚡️ Build success in 39ms
DTS Build start
DTS ⚡️ Build success in 548ms
DTS dist/index.d.ts 2.24 KB
>>>>>>> 9606bfe728f0728e4a01299924ecccb4bcad0167
