

<<<<<<< HEAD
> @unio/lib@1.0.0 build /Users/christymugomba/Desktop/Buisness/unio-new-main/packages/lib
=======
> @unio/lib@1.0.0 build /Users/christymugomba/Desktop/Buisness/unio/packages/lib
>>>>>>> 9606bfe728f0728e4a01299924ecccb4bcad0167
> tsup

[34mCLI[39m Building entry: src/index.ts
[34mCLI[39m Using tsconfig: tsconfig.json
[34mCLI[39m tsup v8.5.1
<<<<<<< HEAD
[34mCLI[39m Using tsup config: /Users/christymugomba/Desktop/Buisness/unio-new-main/packages/lib/tsup.config.ts
=======
[34mCLI[39m Using tsup config: /Users/christymugomba/Desktop/Buisness/unio/packages/lib/tsup.config.ts
>>>>>>> 9606bfe728f0728e4a01299924ecccb4bcad0167
[34mCLI[39m Target: esnext
[34mCLI[39m Cleaning output folder
[34mESM[39m Build start
[32mESM[39m [1mdist/index.js     [22m[32m2.19 KB[39m
[32mESM[39m [1mdist/index.js.map [22m[32m5.29 KB[39m
<<<<<<< HEAD
[32mESM[39m ⚡️ Build success in 27ms
DTS Build start
DTS ⚡️ Build success in 483ms
=======
[32mESM[39m ⚡️ Build success in 31ms
DTS Build start
DTS ⚡️ Build success in 560ms
>>>>>>> 9606bfe728f0728e4a01299924ecccb4bcad0167
DTS dist/index.d.ts 2.74 KB
